android/build-cache/capacitor-health/outputs/logs/manifest-merger-debug-report.txt
-- Merging decision tree log ---
manifest
ADDED from src\main\AndroidManifest.xml:1:1-9:12
INJECTED from src\main\AndroidManifest.xml:1:1-9:12
	package
		INJECTED from src\main\AndroidManifest.xml
	xmlns:android
		ADDED from src\main\AndroidManifest.xml:1:11-69
uses-permission#android.permission.health.READ_STEPS
ADDED from src\main\AndroidManifest.xml:2:5-75
	android:name
		ADDED from src\main\AndroidManifest.xml:2:22-73
uses-permission#android.permission.health.READ_EXERCISE
ADDED from src\main\AndroidManifest.xml:3:5-78
	android:name
		ADDED from src\main\AndroidManifest.xml:3:22-76
uses-permission#android.permission.health.READ_DISTANCE
ADDED from src\main\AndroidManifest.xml:4:5-78
	android:name
		ADDED from src\main\AndroidManifest.xml:4:22-76
uses-permission#android.permission.health.READ_ACTIVE_CALORIES_BURNED
ADDED from src\main\AndroidManifest.xml:5:5-92
	android:name
		ADDED from src\main\AndroidManifest.xml:5:22-90
uses-permission#android.permission.health.READ_TOTAL_CALORIES_BURNED
ADDED from src\main\AndroidManifest.xml:6:5-91
	android:name
		ADDED from src\main\AndroidManifest.xml:6:22-89
uses-permission#android.permission.health.READ_HEART_RATE
ADDED from src\main\AndroidManifest.xml:7:5-80
	android:name
		ADDED from src\main\AndroidManifest.xml:7:22-78
uses-permission#android.permission.health.READ_EXERCISE_ROUTE
ADDED from src\main\AndroidManifest.xml:8:5-84
	android:name
		ADDED from src\main\AndroidManifest.xml:8:22-82
uses-sdk
INJECTED from src\main\AndroidManifest.xml reason: use-sdk injection requested
INJECTED from src\main\AndroidManifest.xml
INJECTED from src\main\AndroidManifest.xml
	android:targetSdkVersion
		INJECTED from src\main\AndroidManifest.xml
	android:minSdkVersion
		INJECTED from src\main\AndroidManifest.xml